Starting audit...
[ERROR] /Users/lovely/Desktop/MSIT/1st/20186081_ADS-2/Assignments/Module 2/2.1 CC_Percolation/Solution.java:0: File does not end with a newline. [NewlineAtEndOfFile]
[ERROR] /Users/lovely/Desktop/MSIT/1st/20186081_ADS-2/Assignments/Module 2/2.1 CC_Percolation/Solution.java:1: Line has trailing spaces. [RegexpSingleline]
[ERROR] /Users/lovely/Desktop/MSIT/1st/20186081_ADS-2/Assignments/Module 2/2.1 CC_Percolation/Solution.java:2: Missing a Javadoc comment. [JavadocType]
[ERROR] /Users/lovely/Desktop/MSIT/1st/20186081_ADS-2/Assignments/Module 2/2.1 CC_Percolation/Solution.java:2:1: Utility classes should not have a public or default constructor. [HideUtilityClassConstructor]
[ERROR] /Users/lovely/Desktop/MSIT/1st/20186081_ADS-2/Assignments/Module 2/2.1 CC_Percolation/Solution.java:3:2: File contains tab characters (this is the first instance). [FileTabCharacter]
[ERROR] /Users/lovely/Desktop/MSIT/1st/20186081_ADS-2/Assignments/Module 2/2.1 CC_Percolation/Solution.java:3:9: Missing a Javadoc comment. [JavadocMethod]
[ERROR] /Users/lovely/Desktop/MSIT/1st/20186081_ADS-2/Assignments/Module 2/2.1 CC_Percolation/Solution.java:6:9: Missing a Javadoc comment. [JavadocMethod]
[ERROR] /Users/lovely/Desktop/MSIT/1st/20186081_ADS-2/Assignments/Module 2/2.1 CC_Percolation/Solution.java:6:33: Parameter args should be final. [FinalParameters]
[ERROR] /Users/lovely/Desktop/MSIT/1st/20186081_ADS-2/Assignments/Module 2/2.1 CC_Percolation/Solution.java:10: Line has trailing spaces. [RegexpSingleline]
[ERROR] /Users/lovely/Desktop/MSIT/1st/20186081_ADS-2/Assignments/Module 2/2.1 CC_Percolation/Solution.java:11:22: 'while' is not followed by whitespace. [WhitespaceAround]
[ERROR] /Users/lovely/Desktop/MSIT/1st/20186081_ADS-2/Assignments/Module 2/2.1 CC_Percolation/Solution.java:15: Line is longer than 80 characters (found 92). [LineLength]
[ERROR] /Users/lovely/Desktop/MSIT/1st/20186081_ADS-2/Assignments/Module 2/2.1 CC_Percolation/Solution.java:17: Line is longer than 80 characters (found 90). [LineLength]
Audit done.
Checkstyle ends with 12 errors.
Starting audit...
[ERROR] /Users/lovely/Desktop/MSIT/1st/20186081_ADS-2/Assignments/Module 2/2.1 CC_Percolation/Graph.java:0: File does not end with a newline. [NewlineAtEndOfFile]
[ERROR] /Users/lovely/Desktop/MSIT/1st/20186081_ADS-2/Assignments/Module 2/2.1 CC_Percolation/Graph.java:22:21: 'vertices' hides a field. [HiddenField]
[ERROR] /Users/lovely/Desktop/MSIT/1st/20186081_ADS-2/Assignments/Module 2/2.1 CC_Percolation/Graph.java:25:5: Missing a Javadoc comment. [JavadocMethod]
[ERROR] /Users/lovely/Desktop/MSIT/1st/20186081_ADS-2/Assignments/Module 2/2.1 CC_Percolation/Graph.java:28:5: Missing a Javadoc comment. [JavadocMethod]
[ERROR] /Users/lovely/Desktop/MSIT/1st/20186081_ADS-2/Assignments/Module 2/2.1 CC_Percolation/Graph.java:37:5: Missing a Javadoc comment. [JavadocMethod]
[ERROR] /Users/lovely/Desktop/MSIT/1st/20186081_ADS-2/Assignments/Module 2/2.1 CC_Percolation/Graph.java:46:5: Missing a Javadoc comment. [JavadocMethod]
Audit done.
Checkstyle ends with 6 errors.
Starting audit...
[ERROR] /Users/lovely/Desktop/MSIT/1st/20186081_ADS-2/Assignments/Module 2/2.1 CC_Percolation/Bag.java:13: Line has trailing spaces. [RegexpSingleline]
[ERROR] /Users/lovely/Desktop/MSIT/1st/20186081_ADS-2/Assignments/Module 2/2.1 CC_Percolation/Bag.java:14: Line has trailing spaces. [RegexpSingleline]
[ERROR] /Users/lovely/Desktop/MSIT/1st/20186081_ADS-2/Assignments/Module 2/2.1 CC_Percolation/Bag.java:17: Line has trailing spaces. [RegexpSingleline]
[ERROR] /Users/lovely/Desktop/MSIT/1st/20186081_ADS-2/Assignments/Module 2/2.1 CC_Percolation/Bag.java:18: Line is longer than 80 characters (found 81). [LineLength]
[ERROR] /Users/lovely/Desktop/MSIT/1st/20186081_ADS-2/Assignments/Module 2/2.1 CC_Percolation/Bag.java:20: Line is longer than 80 characters (found 105). [LineLength]
[ERROR] /Users/lovely/Desktop/MSIT/1st/20186081_ADS-2/Assignments/Module 2/2.1 CC_Percolation/Bag.java:23: Type Javadoc comment is missing @param <Item> tag. [JavadocType]
[ERROR] /Users/lovely/Desktop/MSIT/1st/20186081_ADS-2/Assignments/Module 2/2.1 CC_Percolation/Bag.java:24:5: Missing a Javadoc comment. [JavadocVariable]
[ERROR] /Users/lovely/Desktop/MSIT/1st/20186081_ADS-2/Assignments/Module 2/2.1 CC_Percolation/Bag.java:24:17: Name 'N' must match pattern '^[a-z][a-zA-Z0-9]*$'. [MemberName]
[ERROR] /Users/lovely/Desktop/MSIT/1st/20186081_ADS-2/Assignments/Module 2/2.1 CC_Percolation/Bag.java:25:5: Missing a Javadoc comment. [JavadocVariable]
[ERROR] /Users/lovely/Desktop/MSIT/1st/20186081_ADS-2/Assignments/Module 2/2.1 CC_Percolation/Bag.java:28: Missing a Javadoc comment. [JavadocType]
[ERROR] /Users/lovely/Desktop/MSIT/1st/20186081_ADS-2/Assignments/Module 2/2.1 CC_Percolation/Bag.java:29:9: Missing a Javadoc comment. [JavadocVariable]
[ERROR] /Users/lovely/Desktop/MSIT/1st/20186081_ADS-2/Assignments/Module 2/2.1 CC_Percolation/Bag.java:30:9: Missing a Javadoc comment. [JavadocVariable]
[ERROR] /Users/lovely/Desktop/MSIT/1st/20186081_ADS-2/Assignments/Module 2/2.1 CC_Percolation/Bag.java:44: Expected @return tag. [JavadocMethod]
[ERROR] /Users/lovely/Desktop/MSIT/1st/20186081_ADS-2/Assignments/Module 2/2.1 CC_Percolation/Bag.java:51: Expected @return tag. [JavadocMethod]
[ERROR] /Users/lovely/Desktop/MSIT/1st/20186081_ADS-2/Assignments/Module 2/2.1 CC_Percolation/Bag.java:58:21: Parameter item should be final. [FinalParameters]
[ERROR] /Users/lovely/Desktop/MSIT/1st/20186081_ADS-2/Assignments/Module 2/2.1 CC_Percolation/Bag.java:58:26: Expected @param tag for 'item'. [JavadocMethod]
[ERROR] /Users/lovely/Desktop/MSIT/1st/20186081_ADS-2/Assignments/Module 2/2.1 CC_Percolation/Bag.java:70: Expected @return tag. [JavadocMethod]
[ERROR] /Users/lovely/Desktop/MSIT/1st/20186081_ADS-2/Assignments/Module 2/2.1 CC_Percolation/Bag.java:71: Line has trailing spaces. [RegexpSingleline]
[ERROR] /Users/lovely/Desktop/MSIT/1st/20186081_ADS-2/Assignments/Module 2/2.1 CC_Percolation/Bag.java:75: Missing a Javadoc comment. [JavadocType]
[ERROR] /Users/lovely/Desktop/MSIT/1st/20186081_ADS-2/Assignments/Module 2/2.1 CC_Percolation/Bag.java:76:9: Missing a Javadoc comment. [JavadocVariable]
[ERROR] /Users/lovely/Desktop/MSIT/1st/20186081_ADS-2/Assignments/Module 2/2.1 CC_Percolation/Bag.java:78: Line is longer than 80 characters (found 81). [LineLength]
[ERROR] /Users/lovely/Desktop/MSIT/1st/20186081_ADS-2/Assignments/Module 2/2.1 CC_Percolation/Bag.java:78:35: '{' at column 35 should have line break after. [LeftCurly]
[ERROR] /Users/lovely/Desktop/MSIT/1st/20186081_ADS-2/Assignments/Module 2/2.1 CC_Percolation/Bag.java:79: Line is longer than 80 characters (found 81). [LineLength]
[ERROR] /Users/lovely/Desktop/MSIT/1st/20186081_ADS-2/Assignments/Module 2/2.1 CC_Percolation/Bag.java:79:35: '{' at column 35 should have line break after. [LeftCurly]
[ERROR] /Users/lovely/Desktop/MSIT/1st/20186081_ADS-2/Assignments/Module 2/2.1 CC_Percolation/Bag.java:81:9: Missing a Javadoc comment. [JavadocMethod]
[ERROR] /Users/lovely/Desktop/MSIT/1st/20186081_ADS-2/Assignments/Module 2/2.1 CC_Percolation/Bag.java:82: 'if' construct must use '{}'s. [NeedBraces]
[ERROR] /Users/lovely/Desktop/MSIT/1st/20186081_ADS-2/Assignments/Module 2/2.1 CC_Percolation/Bag.java:84: Line has trailing spaces. [RegexpSingleline]
Audit done.
Checkstyle ends with 27 errors.
Starting audit...
[ERROR] /Users/lovely/Desktop/MSIT/1st/20186081_ADS-2/Assignments/Module 2/2.1 CC_Percolation/ConnectedComponents.java:0: File does not end with a newline. [NewlineAtEndOfFile]
[ERROR] /Users/lovely/Desktop/MSIT/1st/20186081_ADS-2/Assignments/Module 2/2.1 CC_Percolation/ConnectedComponents.java:34:5: Missing a Javadoc comment. [JavadocMethod]
[ERROR] /Users/lovely/Desktop/MSIT/1st/20186081_ADS-2/Assignments/Module 2/2.1 CC_Percolation/ConnectedComponents.java:37:5: Missing a Javadoc comment. [JavadocMethod]
[ERROR] /Users/lovely/Desktop/MSIT/1st/20186081_ADS-2/Assignments/Module 2/2.1 CC_Percolation/ConnectedComponents.java:37:19: Parameter v should be final. [FinalParameters]
[ERROR] /Users/lovely/Desktop/MSIT/1st/20186081_ADS-2/Assignments/Module 2/2.1 CC_Percolation/ConnectedComponents.java:40:5: Missing a Javadoc comment. [JavadocMethod]
[ERROR] /Users/lovely/Desktop/MSIT/1st/20186081_ADS-2/Assignments/Module 2/2.1 CC_Percolation/ConnectedComponents.java:40:22: Parameter g should be final. [FinalParameters]
[ERROR] /Users/lovely/Desktop/MSIT/1st/20186081_ADS-2/Assignments/Module 2/2.1 CC_Percolation/ConnectedComponents.java:40:31: Parameter v should be final. [FinalParameters]
[ERROR] /Users/lovely/Desktop/MSIT/1st/20186081_ADS-2/Assignments/Module 2/2.1 CC_Percolation/ConnectedComponents.java:49:5: Missing a Javadoc comment. [JavadocMethod]
[ERROR] /Users/lovely/Desktop/MSIT/1st/20186081_ADS-2/Assignments/Module 2/2.1 CC_Percolation/ConnectedComponents.java:50:9: Conditional logic can be removed. [SimplifyBooleanReturn]
Audit done.
Checkstyle ends with 9 errors.
