Starting audit...
Audit done.
Starting audit...
[ERROR] /Users/lovely/Desktop/MSIT/1st/20186081_ADS-2/Assignments/Module 1/1.1 Graph/Graph.java:5:1: File contains tab characters (this is the first instance). [FileTabCharacter]
[ERROR] /Users/lovely/Desktop/MSIT/1st/20186081_ADS-2/Assignments/Module 1/1.1 Graph/Graph.java:10:5: Redundant 'public' modifier. [RedundantModifier]
[ERROR] /Users/lovely/Desktop/MSIT/1st/20186081_ADS-2/Assignments/Module 1/1.1 Graph/Graph.java:16:5: Redundant 'public' modifier. [RedundantModifier]
[ERROR] /Users/lovely/Desktop/MSIT/1st/20186081_ADS-2/Assignments/Module 1/1.1 Graph/Graph.java:23:5: Redundant 'public' modifier. [RedundantModifier]
[ERROR] /Users/lovely/Desktop/MSIT/1st/20186081_ADS-2/Assignments/Module 1/1.1 Graph/Graph.java:24: First sentence should end with a period. [JavadocStyle]
[ERROR] /Users/lovely/Desktop/MSIT/1st/20186081_ADS-2/Assignments/Module 1/1.1 Graph/Graph.java:31:5: Redundant 'public' modifier. [RedundantModifier]
[ERROR] /Users/lovely/Desktop/MSIT/1st/20186081_ADS-2/Assignments/Module 1/1.1 Graph/Graph.java:40:5: Redundant 'public' modifier. [RedundantModifier]
[ERROR] /Users/lovely/Desktop/MSIT/1st/20186081_ADS-2/Assignments/Module 1/1.1 Graph/Graph.java:69:5: Redundant 'public' modifier. [RedundantModifier]
[ERROR] /Users/lovely/Desktop/MSIT/1st/20186081_ADS-2/Assignments/Module 1/1.1 Graph/Graph.java:69:21: Parameter vertices1 should be final. [FinalParameters]
[ERROR] /Users/lovely/Desktop/MSIT/1st/20186081_ADS-2/Assignments/Module 1/1.1 Graph/Graph.java:148: Line is longer than 80 characters (found 89). [LineLength]
[ERROR] /Users/lovely/Desktop/MSIT/1st/20186081_ADS-2/Assignments/Module 1/1.1 Graph/Graph.java:151: Line is longer than 80 characters (found 89). [LineLength]
[ERROR] /Users/lovely/Desktop/MSIT/1st/20186081_ADS-2/Assignments/Module 1/1.1 Graph/Graph.java:173: Line is longer than 80 characters (found 89). [LineLength]
[ERROR] /Users/lovely/Desktop/MSIT/1st/20186081_ADS-2/Assignments/Module 1/1.1 Graph/Graph.java:176: Line is longer than 80 characters (found 89). [LineLength]
Audit done.
Checkstyle ends with 13 errors.
Starting audit...
[ERROR] /Users/lovely/Desktop/MSIT/1st/20186081_ADS-2/Assignments/Module 1/1.1 Graph/Bag.java:13: Line has trailing spaces. [RegexpSingleline]
[ERROR] /Users/lovely/Desktop/MSIT/1st/20186081_ADS-2/Assignments/Module 1/1.1 Graph/Bag.java:14: Line has trailing spaces. [RegexpSingleline]
[ERROR] /Users/lovely/Desktop/MSIT/1st/20186081_ADS-2/Assignments/Module 1/1.1 Graph/Bag.java:17: Line has trailing spaces. [RegexpSingleline]
[ERROR] /Users/lovely/Desktop/MSIT/1st/20186081_ADS-2/Assignments/Module 1/1.1 Graph/Bag.java:18: Line is longer than 80 characters (found 81). [LineLength]
[ERROR] /Users/lovely/Desktop/MSIT/1st/20186081_ADS-2/Assignments/Module 1/1.1 Graph/Bag.java:20: Line is longer than 80 characters (found 105). [LineLength]
[ERROR] /Users/lovely/Desktop/MSIT/1st/20186081_ADS-2/Assignments/Module 1/1.1 Graph/Bag.java:23: Type Javadoc comment is missing @param <Item> tag. [JavadocType]
[ERROR] /Users/lovely/Desktop/MSIT/1st/20186081_ADS-2/Assignments/Module 1/1.1 Graph/Bag.java:24:5: Missing a Javadoc comment. [JavadocVariable]
[ERROR] /Users/lovely/Desktop/MSIT/1st/20186081_ADS-2/Assignments/Module 1/1.1 Graph/Bag.java:24:17: Name 'N' must match pattern '^[a-z][a-zA-Z0-9]*$'. [MemberName]
[ERROR] /Users/lovely/Desktop/MSIT/1st/20186081_ADS-2/Assignments/Module 1/1.1 Graph/Bag.java:25:5: Missing a Javadoc comment. [JavadocVariable]
[ERROR] /Users/lovely/Desktop/MSIT/1st/20186081_ADS-2/Assignments/Module 1/1.1 Graph/Bag.java:28: Missing a Javadoc comment. [JavadocType]
[ERROR] /Users/lovely/Desktop/MSIT/1st/20186081_ADS-2/Assignments/Module 1/1.1 Graph/Bag.java:29:9: Missing a Javadoc comment. [JavadocVariable]
[ERROR] /Users/lovely/Desktop/MSIT/1st/20186081_ADS-2/Assignments/Module 1/1.1 Graph/Bag.java:30:9: Missing a Javadoc comment. [JavadocVariable]
[ERROR] /Users/lovely/Desktop/MSIT/1st/20186081_ADS-2/Assignments/Module 1/1.1 Graph/Bag.java:44: Expected @return tag. [JavadocMethod]
[ERROR] /Users/lovely/Desktop/MSIT/1st/20186081_ADS-2/Assignments/Module 1/1.1 Graph/Bag.java:51: Expected @return tag. [JavadocMethod]
[ERROR] /Users/lovely/Desktop/MSIT/1st/20186081_ADS-2/Assignments/Module 1/1.1 Graph/Bag.java:58:21: Parameter item should be final. [FinalParameters]
[ERROR] /Users/lovely/Desktop/MSIT/1st/20186081_ADS-2/Assignments/Module 1/1.1 Graph/Bag.java:58:26: Expected @param tag for 'item'. [JavadocMethod]
[ERROR] /Users/lovely/Desktop/MSIT/1st/20186081_ADS-2/Assignments/Module 1/1.1 Graph/Bag.java:70: Expected @return tag. [JavadocMethod]
[ERROR] /Users/lovely/Desktop/MSIT/1st/20186081_ADS-2/Assignments/Module 1/1.1 Graph/Bag.java:71: Line has trailing spaces. [RegexpSingleline]
[ERROR] /Users/lovely/Desktop/MSIT/1st/20186081_ADS-2/Assignments/Module 1/1.1 Graph/Bag.java:75: Missing a Javadoc comment. [JavadocType]
[ERROR] /Users/lovely/Desktop/MSIT/1st/20186081_ADS-2/Assignments/Module 1/1.1 Graph/Bag.java:76:9: Missing a Javadoc comment. [JavadocVariable]
[ERROR] /Users/lovely/Desktop/MSIT/1st/20186081_ADS-2/Assignments/Module 1/1.1 Graph/Bag.java:78: Line is longer than 80 characters (found 81). [LineLength]
[ERROR] /Users/lovely/Desktop/MSIT/1st/20186081_ADS-2/Assignments/Module 1/1.1 Graph/Bag.java:78:35: '{' at column 35 should have line break after. [LeftCurly]
[ERROR] /Users/lovely/Desktop/MSIT/1st/20186081_ADS-2/Assignments/Module 1/1.1 Graph/Bag.java:79: Line is longer than 80 characters (found 81). [LineLength]
[ERROR] /Users/lovely/Desktop/MSIT/1st/20186081_ADS-2/Assignments/Module 1/1.1 Graph/Bag.java:79:35: '{' at column 35 should have line break after. [LeftCurly]
[ERROR] /Users/lovely/Desktop/MSIT/1st/20186081_ADS-2/Assignments/Module 1/1.1 Graph/Bag.java:81:9: Missing a Javadoc comment. [JavadocMethod]
[ERROR] /Users/lovely/Desktop/MSIT/1st/20186081_ADS-2/Assignments/Module 1/1.1 Graph/Bag.java:82: 'if' construct must use '{}'s. [NeedBraces]
[ERROR] /Users/lovely/Desktop/MSIT/1st/20186081_ADS-2/Assignments/Module 1/1.1 Graph/Bag.java:84: Line has trailing spaces. [RegexpSingleline]
Audit done.
Checkstyle ends with 27 errors.
